<?xml version="1.0" encoding="UTF-8"?>
<testsuite name="hello.TestGreeter" tests="2" skipped="0" failures="0" errors="0" timestamp="2018-11-20T15:14:36" hostname="TEDs-MacBook-Pro.local" time="0.022">
  <properties/>
  <testcase name="testGreeter()" classname="hello.TestGreeter" time="0.019"/>
  <testcase name="testGreeterEmpty()" classname="hello.TestGreeter" time="0.001"/>
  <system-out><![CDATA[]]></system-out>
  <system-err><![CDATA[]]></system-err>
</testsuite>
